<?xml version="1.0" encoding="UTF-8"?>
<!-- Generated by org.testng.reporters.JUnitReportReporter -->
<testsuite skipped="0" hostname="DESKTOP-G5OR1MT" name="com.Reqres.InApi.TestCases.TC_Post_Request" tests="1" failures="0" timestamp="2022-01-25T13:30:20 EST" time="2.803" errors="0">
  <testcase name="createNewUsers" time="2.803" classname="com.Reqres.InApi.TestCases.TC_Post_Request"/>
  <system-out/>
</testsuite> <!-- com.Reqres.InApi.TestCases.TC_Post_Request -->
