<?xml version="1.0" encoding="UTF-8"?>
<!-- Generated by org.testng.reporters.JUnitReportReporter -->
<testsuite skipped="0" hostname="DESKTOP-G5OR1MT" name="com.Reqres.InApi.TestCases.TC_Get_Request" tests="1" failures="0" timestamp="2022-01-25T13:29:34 EST" time="2.751" errors="0">
  <testcase name="test_getAllUsers" time="2.751" classname="com.Reqres.InApi.TestCases.TC_Get_Request"/>
  <system-out/>
</testsuite> <!-- com.Reqres.InApi.TestCases.TC_Get_Request -->
